frame=1
fps=0.00
stream_0_0_q=0.0
bitrate=N/A
total_size=48
out_time_us=0
out_time_ms=0
out_time=00:00:00.000000
dup_frames=0
drop_frames=0
speed=   0x
progress=continue
frame=20
fps=0.00
stream_0_0_q=0.0
bitrate=N/A
total_size=48
out_time_us=0
out_time_ms=0
out_time=00:00:00.000000
dup_frames=0
drop_frames=0
speed=   0x
progress=continue
frame=46
fps=41.02
stream_0_0_q=0.0
bitrate=N/A
total_size=48
out_time_us=0
out_time_ms=0
out_time=00:00:00.000000
dup_frames=0
drop_frames=0
speed=   0x
progress=continue
frame=49
fps=30.04
stream_0_0_q=0.0
bitrate=N/A
total_size=48
out_time_us=0
out_time_ms=0
out_time=00:00:00.000000
dup_frames=0
drop_frames=0
speed=   0x
progress=continue
frame=70
fps=31.86
stream_0_0_q=24.0
bitrate=N/A
total_size=1048624
out_time_us=-33268
out_time_ms=-33268
out_time=-00:00:00.033268
dup_frames=0
drop_frames=0
speed=N/A
progress=continue
frame=77
fps=28.36
stream_0_0_q=24.0
bitrate=73378.4kbits/s
total_size=1835056
out_time_us=200065
out_time_ms=200065
out_time=00:00:00.200065
dup_frames=0
drop_frames=0
speed=0.0737x
progress=continue
frame=91
fps=27.35
stream_0_0_q=24.0
bitrate=44036.5kbits/s
total_size=3670064
out_time_us=666732
out_time_ms=666732
out_time=00:00:00.666732
dup_frames=0
drop_frames=0
speed= 0.2x
progress=continue
frame=102
fps=26.64
stream_0_0_q=24.0
bitrate=40587.9kbits/s
total_size=5242928
out_time_us=1033398
out_time_ms=1033398
out_time=00:00:01.033398
dup_frames=0
drop_frames=0
speed=0.27x
progress=continue
frame=115
fps=25.92
stream_0_0_q=24.0
bitrate=37175.4kbits/s
total_size=6815792
out_time_us=1466732
out_time_ms=1466732
out_time=00:00:01.466732
dup_frames=0
drop_frames=0
speed=0.331x
progress=continue
frame=127
fps=25.23
stream_0_0_q=24.0
bitrate=35950.1kbits/s
total_size=8388656
out_time_us=1866732
out_time_ms=1866732
out_time=00:00:01.866732
dup_frames=0
drop_frames=0
speed=0.371x
progress=continue
frame=139
fps=24.92
stream_0_0_q=24.0
bitrate=35157.3kbits/s
total_size=9961520
out_time_us=2266732
out_time_ms=2266732
out_time=00:00:02.266732
dup_frames=0
drop_frames=0
speed=0.406x
progress=continue
frame=151
fps=24.56
stream_0_0_q=24.0
bitrate=34602.3kbits/s
total_size=11534384
out_time_us=2666732
out_time_ms=2666732
out_time=00:00:02.666732
dup_frames=0
drop_frames=0
speed=0.434x
progress=continue
frame=163
fps=24.42
stream_0_0_q=24.0
bitrate=34192.1kbits/s
total_size=13107248
out_time_us=3066732
out_time_ms=3066732
out_time=00:00:03.066732
dup_frames=0
drop_frames=0
speed=0.459x
progress=continue
frame=175
fps=24.15
stream_0_0_q=24.0
bitrate=33876.5kbits/s
total_size=14680112
out_time_us=3466732
out_time_ms=3466732
out_time=00:00:03.466732
dup_frames=0
drop_frames=0
speed=0.478x
progress=continue
frame=187
fps=24.11
stream_0_0_q=24.0
bitrate=33626.3kbits/s
total_size=16252976
out_time_us=3866732
out_time_ms=3866732
out_time=00:00:03.866732
dup_frames=0
drop_frames=0
speed=0.499x
progress=continue
frame=199
fps=23.81
stream_0_0_q=24.0
bitrate=33422.9kbits/s
total_size=17825840
out_time_us=4266732
out_time_ms=4266732
out_time=00:00:04.266732
dup_frames=0
drop_frames=0
speed=0.51x
progress=continue
frame=211
fps=23.77
stream_0_0_q=24.0
bitrate=33254.5kbits/s
total_size=19398704
out_time_us=4666732
out_time_ms=4666732
out_time=00:00:04.666732
dup_frames=0
drop_frames=0
speed=0.526x
progress=continue
frame=223
fps=23.58
stream_0_0_q=24.0
bitrate=33112.6kbits/s
total_size=20971568
out_time_us=5066732
out_time_ms=5066732
out_time=00:00:05.066732
dup_frames=0
drop_frames=0
speed=0.536x
progress=continue
frame=235
fps=23.56
stream_0_0_q=24.0
bitrate=32991.5kbits/s
total_size=22544432
out_time_us=5466732
out_time_ms=5466732
out_time=00:00:05.466732
dup_frames=0
drop_frames=0
speed=0.548x
progress=continue
frame=247
fps=23.42
stream_0_0_q=24.0
bitrate=32529.4kbits/s
total_size=23855152
out_time_us=5866732
out_time_ms=5866732
out_time=00:00:05.866732
dup_frames=0
drop_frames=0
speed=0.556x
progress=continue
frame=259
fps=23.37
stream_0_0_q=24.0
bitrate=32461.0kbits/s
total_size=25428016
out_time_us=6266732
out_time_ms=6266732
out_time=00:00:06.266732
dup_frames=0
drop_frames=0
speed=0.565x
progress=continue
frame=271
fps=23.28
stream_0_0_q=24.0
bitrate=32400.7kbits/s
total_size=27000880
out_time_us=6666732
out_time_ms=6666732
out_time=00:00:06.666732
dup_frames=0
drop_frames=0
speed=0.573x
progress=continue
frame=283
fps=23.20
stream_0_0_q=24.0
bitrate=32347.3kbits/s
total_size=28573744
out_time_us=7066732
out_time_ms=7066732
out_time=00:00:07.066732
dup_frames=0
drop_frames=0
speed=0.579x
progress=continue
frame=296
fps=22.73
stream_0_0_q=21.0
bitrate=32156.1kbits/s
total_size=30146608
out_time_us=7500065
out_time_ms=7500065
out_time=00:00:07.500065
dup_frames=0
drop_frames=0
speed=0.576x
progress=continue
frame=299
fps=19.71
stream_0_0_q=-1.0
bitrate=32416.2kbits/s
total_size=39980244
out_time_us=9866732
out_time_ms=9866732
out_time=00:00:09.866732
dup_frames=0
drop_frames=0
speed=0.65x
progress=end
